Build started at 2024-09-05T15:14:04.239969
Main binary: /usr/bin/python3
Build Options: 
Python system: Linux
The Meson build system
Version: 1.0.1
Source dir: /home/alan/Downloads/prg/chat/Project-1-Chat
Build dir: /home/alan/Downloads/prg/chat/Project-1-Chat/build
Build type: native build
Project name: Chat_client-server
Project version: undefined
-----
Detecting compiler via: c++ --version
compiler returned <Popen: returncode: 0 args: ['c++', '--version']>
compiler stdout:
c++ (Debian 12.2.0-14) 12.2.0
Copyright (C) 2022 Free Software Foundation, Inc.
This is free software; see the source for copying conditions.  There is NO
warranty; not even for MERCHANTABILITY or FITNESS FOR A PARTICULAR PURPOSE.


compiler stderr:

Running command: c++ -E -dM -
-----
Detecting linker via: c++ -Wl,--version
linker returned <Popen: returncode: 0 args: ['c++', '-Wl,--version']>
linker stdout:
GNU ld (GNU Binutils for Debian) 2.40
Copyright (C) 2023 Free Software Foundation, Inc.
This program is free software; you may redistribute it under the terms of
the GNU General Public License version 3 or (at your option) a later version.
This program has absolutely no warranty.

linker stderr:
collect2 version 12.2.0
/usr/bin/ld -plugin /usr/lib/gcc/x86_64-linux-gnu/12/liblto_plugin.so -plugin-opt=/usr/lib/gcc/x86_64-linux-gnu/12/lto-wrapper -plugin-opt=-fresolution=/tmp/ccV8HPbI.res -plugin-opt=-pass-through=-lgcc_s -plugin-opt=-pass-through=-lgcc -plugin-opt=-pass-through=-lc -plugin-opt=-pass-through=-lgcc_s -plugin-opt=-pass-through=-lgcc --build-id --eh-frame-hdr -m elf_x86_64 --hash-style=gnu --as-needed -dynamic-linker /lib64/ld-linux-x86-64.so.2 -pie /usr/lib/gcc/x86_64-linux-gnu/12/../../../x86_64-linux-gnu/Scrt1.o /usr/lib/gcc/x86_64-linux-gnu/12/../../../x86_64-linux-gnu/crti.o /usr/lib/gcc/x86_64-linux-gnu/12/crtbeginS.o -L/usr/lib/gcc/x86_64-linux-gnu/12 -L/usr/lib/gcc/x86_64-linux-gnu/12/../../../x86_64-linux-gnu -L/usr/lib/gcc/x86_64-linux-gnu/12/../../../../lib -L/lib/x86_64-linux-gnu -L/lib/../lib -L/usr/lib/x86_64-linux-gnu -L/usr/lib/../lib -L/usr/lib/gcc/x86_64-linux-gnu/12/../../.. --version -lstdc++ -lm -lgcc_s -lgcc -lc -lgcc_s -lgcc /usr/lib/gcc/x86_64-linux-gnu/12/crtendS.o /usr/lib/gcc/x86_64-linux-gnu/12/../../../x86_64-linux-gnu/crtn.o

Sanity testing C++ compiler: c++
Is cross compiler: False.
Sanity check compiler command line: c++ sanitycheckcpp.cc -o sanitycheckcpp.exe -D_FILE_OFFSET_BITS=64
Sanity check compile stdout:

-----
Sanity check compile stderr:

-----
Running test binary command:  /home/alan/Downloads/prg/chat/Project-1-Chat/build/meson-private/sanitycheckcpp.exe
C++ compiler for the host machine: c++ (gcc 12.2.0 "c++ (Debian 12.2.0-14) 12.2.0")
C++ linker for the host machine: c++ ld.bfd 2.40
-----
Detecting compiler via: c++ --version
compiler returned <Popen: returncode: 0 args: ['c++', '--version']>
compiler stdout:
c++ (Debian 12.2.0-14) 12.2.0
Copyright (C) 2022 Free Software Foundation, Inc.
This is free software; see the source for copying conditions.  There is NO
warranty; not even for MERCHANTABILITY or FITNESS FOR A PARTICULAR PURPOSE.


compiler stderr:

Running command: c++ -E -dM -
-----
Detecting linker via: c++ -Wl,--version
linker returned <Popen: returncode: 0 args: ['c++', '-Wl,--version']>
linker stdout:
GNU ld (GNU Binutils for Debian) 2.40
Copyright (C) 2023 Free Software Foundation, Inc.
This program is free software; you may redistribute it under the terms of
the GNU General Public License version 3 or (at your option) a later version.
This program has absolutely no warranty.

linker stderr:
collect2 version 12.2.0
/usr/bin/ld -plugin /usr/lib/gcc/x86_64-linux-gnu/12/liblto_plugin.so -plugin-opt=/usr/lib/gcc/x86_64-linux-gnu/12/lto-wrapper -plugin-opt=-fresolution=/tmp/ccTzCHCe.res -plugin-opt=-pass-through=-lgcc_s -plugin-opt=-pass-through=-lgcc -plugin-opt=-pass-through=-lc -plugin-opt=-pass-through=-lgcc_s -plugin-opt=-pass-through=-lgcc --build-id --eh-frame-hdr -m elf_x86_64 --hash-style=gnu --as-needed -dynamic-linker /lib64/ld-linux-x86-64.so.2 -pie /usr/lib/gcc/x86_64-linux-gnu/12/../../../x86_64-linux-gnu/Scrt1.o /usr/lib/gcc/x86_64-linux-gnu/12/../../../x86_64-linux-gnu/crti.o /usr/lib/gcc/x86_64-linux-gnu/12/crtbeginS.o -L/usr/lib/gcc/x86_64-linux-gnu/12 -L/usr/lib/gcc/x86_64-linux-gnu/12/../../../x86_64-linux-gnu -L/usr/lib/gcc/x86_64-linux-gnu/12/../../../../lib -L/lib/x86_64-linux-gnu -L/lib/../lib -L/usr/lib/x86_64-linux-gnu -L/usr/lib/../lib -L/usr/lib/gcc/x86_64-linux-gnu/12/../../.. --version -lstdc++ -lm -lgcc_s -lgcc -lc -lgcc_s -lgcc /usr/lib/gcc/x86_64-linux-gnu/12/crtendS.o /usr/lib/gcc/x86_64-linux-gnu/12/../../../x86_64-linux-gnu/crtn.o

Sanity testing C++ compiler: c++
Is cross compiler: False.
Sanity check compiler command line: c++ sanitycheckcpp.cc -o sanitycheckcpp.exe -D_FILE_OFFSET_BITS=64
Sanity check compile stdout:

-----
Sanity check compile stderr:

-----
Running test binary command:  /home/alan/Downloads/prg/chat/Project-1-Chat/build/meson-private/sanitycheckcpp.exe
C++ compiler for the build machine: c++ (gcc 12.2.0 "c++ (Debian 12.2.0-14) 12.2.0")
C++ linker for the build machine: c++ ld.bfd 2.40
Build machine cpu family: x86_64
Build machine cpu: x86_64
Host machine cpu family: x86_64
Host machine cpu: x86_64
Target machine cpu family: x86_64
Target machine cpu: x86_64
Pkg-config binary for 1 is not cached.
Pkg-config binary missing from cross or native file, or env var undefined.
Trying a default Pkg-config fallback at pkg-config
Did not find pkg-config by name 'pkg-config'
Found Pkg-config: NO
Pkg-config binary for machine 1 not found. Giving up.
Running compile:
Working directory:  /home/alan/Downloads/prg/chat/Project-1-Chat/build/meson-private/tmpd57s7x83
Command line:  c++ /home/alan/Downloads/prg/chat/Project-1-Chat/build/meson-private/tmpd57s7x83/testfile.cpp -o /home/alan/Downloads/prg/chat/Project-1-Chat/build/meson-private/tmpd57s7x83/output.exe -D_FILE_OFFSET_BITS=64 -O0 -fpermissive -Wl,--start-group -lgtest -Wl,--end-group -Wl,--allow-shlib-undefined 

Code:
 int main(void) { return 0; }

Compiler stdout:
 
Compiler stderr:
 /usr/bin/ld: cannot find -lgtest: No such file or directory
collect2: error: ld returned 1 exit status

Running compile:
Working directory:  /home/alan/Downloads/prg/chat/Project-1-Chat/build/meson-private/tmp6610yq23
Command line:  c++ /home/alan/Downloads/prg/chat/Project-1-Chat/build/meson-private/tmp6610yq23/testfile.cpp -o /home/alan/Downloads/prg/chat/Project-1-Chat/build/meson-private/tmp6610yq23/output.exe -D_FILE_OFFSET_BITS=64 -O0 -fpermissive 

Code:
 #include<stdio.h>
        
        int main(void) {
            printf("%ld\n", (long)(sizeof(void *)));
            return 0;
        }
Compiler stdout:
 
Compiler stderr:
 
Program stdout:

8

Program stderr:


Running compile:
Working directory:  /home/alan/Downloads/prg/chat/Project-1-Chat/build/meson-private/tmpe69nu4ph
Command line:  c++ /home/alan/Downloads/prg/chat/Project-1-Chat/build/meson-private/tmpe69nu4ph/testfile.cpp -o /home/alan/Downloads/prg/chat/Project-1-Chat/build/meson-private/tmpe69nu4ph/output.obj -c -D_FILE_OFFSET_BITS=64 -O0 -fpermissive --print-search-dirs 

Code:
 
Compiler stdout:
 install: /usr/lib/gcc/x86_64-linux-gnu/12/
programs: =/usr/lib/gcc/x86_64-linux-gnu/12/:/usr/lib/gcc/x86_64-linux-gnu/12/:/usr/lib/gcc/x86_64-linux-gnu/:/usr/lib/gcc/x86_64-linux-gnu/12/:/usr/lib/gcc/x86_64-linux-gnu/:/usr/lib/gcc/x86_64-linux-gnu/12/../../../../x86_64-linux-gnu/bin/x86_64-linux-gnu/12/:/usr/lib/gcc/x86_64-linux-gnu/12/../../../../x86_64-linux-gnu/bin/x86_64-linux-gnu/:/usr/lib/gcc/x86_64-linux-gnu/12/../../../../x86_64-linux-gnu/bin/
libraries: =/usr/lib/gcc/x86_64-linux-gnu/12/:/usr/lib/gcc/x86_64-linux-gnu/12/../../../../x86_64-linux-gnu/lib/x86_64-linux-gnu/12/:/usr/lib/gcc/x86_64-linux-gnu/12/../../../../x86_64-linux-gnu/lib/x86_64-linux-gnu/:/usr/lib/gcc/x86_64-linux-gnu/12/../../../../x86_64-linux-gnu/lib/../lib/:/usr/lib/gcc/x86_64-linux-gnu/12/../../../x86_64-linux-gnu/12/:/usr/lib/gcc/x86_64-linux-gnu/12/../../../x86_64-linux-gnu/:/usr/lib/gcc/x86_64-linux-gnu/12/../../../../lib/:/lib/x86_64-linux-gnu/12/:/lib/x86_64-linux-gnu/:/lib/../lib/:/usr/lib/x86_64-linux-gnu/12/:/usr/lib/x86_64-linux-gnu/:/usr/lib/../lib/:/usr/lib/gcc/x86_64-linux-gnu/12/../../../../x86_64-linux-gnu/lib/:/usr/lib/gcc/x86_64-linux-gnu/12/../../../:/lib/:/usr/lib/

Compiler stderr:
 
Running compile:
Working directory:  /home/alan/Downloads/prg/chat/Project-1-Chat/build/meson-private/tmpplnqhv1e
Command line:  c++ /home/alan/Downloads/prg/chat/Project-1-Chat/build/meson-private/tmpplnqhv1e/testfile.cpp -o /home/alan/Downloads/prg/chat/Project-1-Chat/build/meson-private/tmpplnqhv1e/output.exe -D_FILE_OFFSET_BITS=64 -O0 -fpermissive -Wl,--start-group -lgtest_main -Wl,--end-group -Wl,--allow-shlib-undefined 

Code:
 int main(void) { return 0; }

Compiler stdout:
 
Compiler stderr:
 /usr/bin/ld: cannot find -lgtest_main: No such file or directory
collect2: error: ld returned 1 exit status

Run-time dependency GTest found: NO (tried pkgconfig and system)
Looking for a fallback subproject for the dependency gtest

Executing subproject gtest 

Project name: gtest
Project version: 1.15.0
C++ compiler for the host machine: c++ (gcc 12.2.0 "c++ (Debian 12.2.0-14) 12.2.0")
C++ linker for the host machine: c++ ld.bfd 2.40
C++ compiler for the build machine: c++ (gcc 12.2.0 "c++ (Debian 12.2.0-14) 12.2.0")
C++ linker for the build machine: c++ ld.bfd 2.40
Run-time dependency threads found: YES
Dependency threads found: YES unknown (cached)
Dependency threads found: YES unknown (cached)
Dependency threads found: YES unknown (cached)
Build targets in project: 0
Subproject gtest finished.

Dependency gtest from subproject subprojects/googletest-1.15.0 found: YES 1.15.0
Dependency gtest_main from subproject subprojects/googletest-1.15.0 found: YES 1.15.0
WARNING: Target "/home/alan/Downloads/prg/chat/Project-1-Chat/build/bin/main_client" has a path separator in its name.
This is not supported, it can cause unexpected failures and will become
a hard error in the future.

WARNING: Target "/home/alan/Downloads/prg/chat/Project-1-Chat/build/bin/main_server" has a path separator in its name.
This is not supported, it can cause unexpected failures and will become
a hard error in the future.

Adding test "test_server"
Build targets in project: 3

Chat_client-server undefined

  Subprojects
    gtest: YES

Found ninja-1.11.1 at /usr/bin/ninja
Running compile:
Working directory:  /tmp/tmpqkb89t0u
Command line:  c++ /tmp/tmpqkb89t0u/testfile.cpp -o /tmp/tmpqkb89t0u/output.obj -D_FILE_OFFSET_BITS=64 -c -std=c++17 

Code:
 int i = static_cast<int>(0);
Compiler stdout:
 
Compiler stderr:
 
Compiler accepts -std=c++17: YES
